{
  message: 'Login attempt for user: aryan123@gmail.com',
  level: 'info',
  timestamp: '2024-10-25T04:44:07.765Z'
}
{
  message: 'Login successful for user: aryan123@gmail.com',
  level: 'info',
  timestamp: '2024-10-25T04:44:07.953Z'
}
{
  message: 'Login attempt for user: aryan123@gmail.com',
  level: 'info',
  timestamp: '2024-10-25T05:58:22.810Z'
}
{
  message: 'Login successful for user: aryan123@gmail.com',
  level: 'info',
  timestamp: '2024-10-25T05:58:23.280Z'
}
{
  message: 'Login attempt for user: aryan123@gmail.com',
  level: 'info',
  timestamp: '2024-10-25T05:59:02.790Z'
}
{
  message: 'Login successful for user: aryan123@gmail.com',
  level: 'info',
  timestamp: '2024-10-25T05:59:03.096Z'
}
{
  message: 'Login attempt for user: aryan123@gmail.com',
  level: 'info',
  timestamp: '2024-10-25T08:42:02.873Z'
}
{
  message: 'Login successful for user: aryan123@gmail.com',
  level: 'info',
  timestamp: '2024-10-25T08:42:03.182Z'
}
{
  message: 'Login attempt for user: aryan123@gmail.com',
  level: 'info',
  timestamp: '2024-10-25T11:23:54.714Z'
}
{
  message: 'Login successful for user: aryan123@gmail.com',
  level: 'info',
  timestamp: '2024-10-25T11:23:54.867Z'
}
